2025-05-16 00:44:05,904 DEBUG:	 Going to check if YML file apimgr.yml exists
2025-05-16 00:44:05,904 DEBUG:	 Completed check for apimgr.yml and exists
2025-05-16 00:44:05,904 DEBUG:	 Starting YML load of apimgr.yml
2025-05-16 00:44:05,907 DEBUG:	 Successful load as YML from apimgr.yml
2025-05-16 00:44:05,907 DEBUG:	 The YML file was loaded
2025-05-16 00:44:05,907 DEBUG:	 Going to check if static keys exist on apimgr.yml and values are the expected ones
2025-05-16 00:44:05,907 DEBUG:	 Key CONTAINER_HOSTNAME exists on apimgr.yml and value utilityBareMetal-api-official is the expected one
2025-05-16 00:44:05,907 DEBUG:	 Key CAMPUS_INTERFACE exists on apimgr.yml and value campus is the expected one
2025-05-16 00:44:05,907 DEBUG:	 Key RAS_INTERFACE exists on apimgr.yml and value virbr1 is the expected one
2025-05-16 00:44:05,907 DEBUG:	 Key RAS_INTERFACE_IP exists on apimgr.yml and value 10.23.16.1 is the expected one
2025-05-16 00:44:05,907 DEBUG:	 Key IMAGE_NAME exists on apimgr.yml and value cp.stg.icr.io/cp/scalesystem/sss_api is the expected one
2025-05-16 00:44:05,907 DEBUG:	 Key SSH_PORT exists on apimgr.yml and value 20022 is the expected one
2025-05-16 00:44:05,907 DEBUG:	 Key API_PORT exists on apimgr.yml and value 46443 is the expected one
2025-05-16 00:44:05,907 DEBUG:	 Key LOG exists on apimgr.yml and value /home/apiadmin/log is the expected one
2025-05-16 00:44:05,907 DEBUG:	 Key BKUP exists on apimgr.yml and value /home/apiadmin/backup is the expected one
2025-05-16 00:44:05,907 DEBUG:	 Key BUILDS exists on apimgr.yml and value /serv is the expected one
2025-05-16 00:44:05,907 DEBUG:	 Ending check static keys exist on apimgr.yml and values are the expected ones
2025-05-16 00:44:05,907 DEBUG:	 Going to check if configurable keys exist on apimgr.yml
2025-05-16 00:44:05,907 DEBUG:	 Key CONTAINER_DOMAIN_NAME exists on apimgr.yml and matches the file
2025-05-16 00:44:05,907 DEBUG:	 Key UTILITY_HOSTNAME exists on apimgr.yml and matches the file
2025-05-16 00:44:05,907 DEBUG:	 Key CAMPUS_INTERFACE_IP exists on apimgr.yml and does not match the file
2025-05-16 00:44:05,907 DEBUG:	 Key IMAGE_VERSION exists on apimgr.yml and matches the file
2025-05-16 00:44:05,907 DEBUG:	 Ending check if configurable keys exist on apimgr.yml
2025-05-16 00:44:05,907 DEBUG:	 The file apimgr.yml does have all the required entries.
2025-05-16 00:44:05,907 DEBUG:	 Going to check if campus exists in this system
2025-05-16 00:44:05,908 DEBUG:	 campus exists in this system
2025-05-16 00:44:05,908 DEBUG:	 The interface campus on network CAMPUS exists
2025-05-16 00:44:05,908 DEBUG:	 Going to query for IP address of campus
2025-05-16 00:44:05,908 DEBUG:	 Main IP address of campus is 9.114.12.77
2025-05-16 00:44:05,908 DEBUG:	 Going to check if virbr1 exists in this system
2025-05-16 00:44:05,908 DEBUG:	 virbr1 exists in this system
2025-05-16 00:44:05,908 DEBUG:	 The interface virbr1 on network RAS exists
2025-05-16 00:44:05,908 DEBUG:	 Going to query for IP address of virbr1
2025-05-16 00:44:05,908 DEBUG:	 Main IP address of virbr1 is 10.23.16.1
2025-05-16 00:44:05,908 DEBUG:	 Going to ask the user for a Image Version
2025-05-16 00:44:10,734 DEBUG:	 We use UTILITY hostname to derivate names for Management. Safe option.
2025-05-16 00:44:10,734 DEBUG:	 Going to query UTILITY hostname
2025-05-16 00:44:10,734 DEBUG:	 The UTILITY hostname is utilityBareMetal
2025-05-16 00:44:10,734 DEBUG:	 Going to check for domain name in the system
2025-05-16 00:44:10,734 DEBUG:	 Domain name in the system is gpfs.local
2025-05-16 00:44:10,735 DEBUG:	 apimgr.py does not exist inside classes directory
2025-05-16 00:44:10,735 DEBUG:	 Going to copy apimgr inside classes directory as apimgr.py
2025-05-16 00:44:10,735 DEBUG:	 apimgr is copied inside classes directory as apimgr.py
2025-05-16 00:44:10,735 DEBUG:	 Going to check if podman binary exists
2025-05-16 00:44:10,735 DEBUG:	 podman binary exists
2025-05-16 00:44:10,735 DEBUG:	 Going to check if nmcli binary exists
2025-05-16 00:44:10,735 DEBUG:	 nmcli binary exists
2025-05-16 00:44:10,735 DEBUG:	 Going to invoke input data method from main program
2025-05-16 00:44:10,735 DEBUG:	 Going to check if this tool is been run with apiadmin user
2025-05-16 00:44:10,735 DEBUG:	 This tool is been run with apiadmin privileges
2025-05-16 00:44:10,735 DEBUG:	 Container short utilityBareMetal-api-official converted to FQDN utilityBareMetal-api-official.gpfs.local
2025-05-16 00:44:10,735 DEBUG:	 Need to check that nor short container name utilityBareMetal-api-official or long utilityBareMetal-api-official.gpfs.local can be resolved on this auto bridge setup
2025-05-16 00:44:10,776 DEBUG:	 The container short name utilityBareMetal-api-official does not resolve any IP address
2025-05-16 00:44:10,796 DEBUG:	 The container long name utilityBareMetal-api-official.gpfs.local does not resolve any IP address
2025-05-16 00:44:10,796 DEBUG:	 Container name cannot be resolved in this autobridge setup
2025-05-16 00:44:10,796 DEBUG:	 Going to check if IP address or RAS interface is the expected one
2025-05-16 00:44:10,796 DEBUG:	 Going to check if IP 10.23.16.1 belongs to netblock 10.23.16.0/29
2025-05-16 00:44:10,796 DEBUG:	 IP 10.23.16.1 belongs to netblock 10.23.16.0/29
2025-05-16 00:44:10,796 DEBUG:	 Configured RAS IP 10.23.16.1 belongs to RAS netblock 10.23.16.0/29
2025-05-16 00:44:10,796 DEBUG:	 RAS IP is the expected one 10.23.16.1
2025-05-16 00:44:10,796 DEBUG:	 Going to merge configurable parameters to be written
2025-05-16 00:44:10,796 DEBUG:	 Merge configurable parameters to be written
2025-05-16 00:44:10,796 DEBUG:	 Ready to write data into YML file
2025-05-16 00:44:10,796 DEBUG:	 Going to move apimgr.yml as ./logsapimgr.yml_2025-05-16_00-44-05
2025-05-16 00:44:10,796 DEBUG:	 Moved apimgr.yml as ./logsapimgr.yml_2025-05-16_00-44-05
2025-05-16 00:44:10,796 DEBUG:	 Going to write information into YML file apimgr.yml
2025-05-16 00:44:10,797 DEBUG:	 Writen information into YML file apimgr.yml
2025-05-16 00:44:10,797 DEBUG:	 YML file apimgr.yml has succesfully been written
2025-05-16 00:44:10,797 DEBUG:	 Going to reload with freshly created file
2025-05-16 00:44:10,797 DEBUG:	 Going to check if YML file apimgr.yml exists
2025-05-16 00:44:10,797 DEBUG:	 Completed check for apimgr.yml and exists
2025-05-16 00:44:10,797 DEBUG:	 Starting YML load of apimgr.yml
2025-05-16 00:44:10,799 DEBUG:	 Successful load as YML from apimgr.yml
2025-05-16 00:44:10,799 DEBUG:	 The YML file was reloaded
2025-05-16 00:44:10,799 DEBUG:	 Going to check reloaded file
2025-05-16 00:44:10,799 DEBUG:	 Static entries passed the test. Merging them into the config to write
2025-05-16 00:44:10,799 DEBUG:	 Static entries merged into config to write
2025-05-16 00:44:10,799 DEBUG:	 Static config passed the tests and been merged to be written
2025-05-16 00:44:10,799 DEBUG:	 Going to check if configurable keys exist on apimgr.yml
2025-05-16 00:44:10,799 DEBUG:	 Key CONTAINER_DOMAIN_NAME exists on apimgr.yml and matches the file
2025-05-16 00:44:10,799 DEBUG:	 Key UTILITY_HOSTNAME exists on apimgr.yml and matches the file
2025-05-16 00:44:10,799 DEBUG:	 Key CAMPUS_INTERFACE_IP exists on apimgr.yml and does not match the file
2025-05-16 00:44:10,799 DEBUG:	 Key IMAGE_VERSION exists on apimgr.yml and matches the file
2025-05-16 00:44:10,799 DEBUG:	 Ending check if configurable keys exist on apimgr.yml
2025-05-16 00:44:10,799 DEBUG:	 The filename apimgr.yml has all the required entries
2025-05-16 00:44:10,799 DEBUG:	 Going to check FQDN for anyhost.gpfs.local
2025-05-16 00:44:10,799 DEBUG:	 Going to merge hostname anyhost and domain gpfs.local
2025-05-16 00:44:10,799 DEBUG:	 hostname and domain merged as anyhost.gpfs.local
2025-05-16 00:44:10,799 DEBUG:	 Starting FQDN check for anyhost.gpfs.local
2025-05-16 00:44:10,799 DEBUG:	 Completed FQDN check for anyhost.gpfs.local and it aligns with RFC1035 and RFC3696 prefered format
2025-05-16 00:44:10,799 DEBUG:	 Completed FQDN check for anyhost.gpfs.local and we accept it
2025-05-16 00:44:10,799 DEBUG:	 The domain gpfs.local passes basic the check
2025-05-16 00:44:10,799 DEBUG:	 Going to check FQDN for utilityBareMetal-api-official.gpfs.local
2025-05-16 00:44:10,799 DEBUG:	 Going to merge hostname utilityBareMetal-api-official and domain gpfs.local
2025-05-16 00:44:10,799 DEBUG:	 hostname and domain merged as utilityBareMetal-api-official.gpfs.local
2025-05-16 00:44:10,799 DEBUG:	 Starting FQDN check for utilityBareMetal-api-official.gpfs.local
2025-05-16 00:44:10,799 DEBUG:	 Completed FQDN check for utilityBareMetal-api-official.gpfs.local and it aligns with RFC1035 and RFC3696 prefered format
2025-05-16 00:44:10,799 DEBUG:	 Completed FQDN check for utilityBareMetal-api-official.gpfs.local and we accept it
2025-05-16 00:44:10,799 DEBUG:	 The container FQDN utilityBareMetal-api-official.gpfs.local passes the basic check
2025-05-16 00:44:10,799 DEBUG:	 Going to check IP 9.114.12.77
2025-05-16 00:44:10,799 DEBUG:	 IP has valid format
2025-05-16 00:44:10,799 DEBUG:	 IP has IPv4 format
2025-05-16 00:44:10,799 DEBUG:	 Ending check IP 9.114.12.77 and we return IP_OK=True
2025-05-16 00:44:10,799 DEBUG:	 The CAMPUS IP 9.114.12.77 passes the simple check
2025-05-16 00:44:10,800 DEBUG:	 Going to check if 9.114.12.77 exists in this system
2025-05-16 00:44:10,800 DEBUG:	 The CAMPUS IP 9.114.12.77 exists in this system
2025-05-16 00:44:10,800 DEBUG:	 Going to check IP 10.23.16.1
2025-05-16 00:44:10,800 DEBUG:	 IP has valid format
2025-05-16 00:44:10,800 DEBUG:	 IP has IPv4 format
2025-05-16 00:44:10,800 DEBUG:	 Ending check IP 10.23.16.1 and we return IP_OK=True
2025-05-16 00:44:10,800 DEBUG:	 The RAS IP 10.23.16.1 passes the simple check
2025-05-16 00:44:10,800 DEBUG:	 Going to check if 10.23.16.1 exists in this system
2025-05-16 00:44:10,800 DEBUG:	 The RAS IP 10.23.16.1 exists in this system
2025-05-16 00:44:10,800 INFO:	 All configurable variables checked passed
2025-05-16 00:44:10,800 DEBUG:	 This just created YML file can be used
2025-05-16 00:44:10,800 DEBUG:	 Could generate the needed information into YML, going to start the SSS API container
2025-05-16 00:44:10,800 DEBUG:	 Going to prepare the container
2025-05-16 00:44:10,800 DEBUG:	 Method to reconnect to POD is called
2025-05-16 00:44:10,800 DEBUG:	 Going to query the containers with podman ps command
2025-05-16 00:44:10,859 DEBUG:	 Got back from querying containers with podman ps command
2025-05-16 00:44:10,859 DEBUG:	 Going to load containers JSON output into list
2025-05-16 00:44:10,859 DEBUG:	 Imported into a list the output from podman ps command
2025-05-16 00:44:10,859 DEBUG:	 Found a POD with state = 3 (UP) and image cp.stg.icr.io/cp/scalesystem/sss_api:6.2.3.0 and ID 2f4e39fd8412458c6f8282c30932e986f1efcf273927d9c3d806e9ce59f591ce
2025-05-16 00:44:10,859 DEBUG:	 Although the POD image is UP, is not the one we are looking for.
2025-05-16 00:44:10,859 DEBUG:	 Container is not UP, we will delete the image before start.
2025-05-16 00:44:10,859 DEBUG:	 Going to query the containers with podman ps command
2025-05-16 00:44:10,931 DEBUG:	 Got back from querying containers with podman ps command
2025-05-16 00:44:10,932 DEBUG:	 Going to load containers JSON output into list
2025-05-16 00:44:10,932 DEBUG:	 Imported into a list the output from podman ps command
2025-05-16 00:44:10,932 DEBUG:	 There are images installed, proceeding further on clean up
2025-05-16 00:44:10,932 DEBUG:	 There were some issues cleaning images, we can continue
2025-05-16 00:44:10,932 INFO:	 There are no images related to api-official to be deleted
2025-05-16 00:44:10,932 DEBUG:	 API image has been deleted, we continue.
2025-05-16 00:44:10,932 DEBUG:	 Starting check if apimgr exists
2025-05-16 00:44:10,932 DEBUG:	 Completed check for apimgr and exists
2025-05-16 00:44:10,932 DEBUG:	 Going to import apimgr
2025-05-16 00:44:10,936 DEBUG:	 Imported apimgr
2025-05-16 00:44:10,936 DEBUG:	 Going to readconf with apimgr
2025-05-16 00:44:10,938 DEBUG:	 Success readconf with apimgr
2025-05-16 00:44:10,938 INFO:	 Going to install the image. It would do no changes if already installed.
2025-05-16 00:44:10,938 DEBUG:	 Going to run apimgr installimage
2025-05-16 00:44:30,478 INFO:	 Image has been installed succesfully.
2025-05-16 00:44:30,479 DEBUG:	 back from prepare the container
2025-05-16 00:44:30,479 DEBUG:	 Going to import apimgr
2025-05-16 00:44:30,479 DEBUG:	 Imported essmgr
2025-05-16 00:44:30,479 DEBUG:	 Going to readconf with apimgr
2025-05-16 00:44:30,481 DEBUG:	 Success readconf with essmgr
2025-05-16 00:44:30,481 INFO:	 Going to start the container. On further runs use 'startAPIContainer' command to manage this container
2025-05-16 00:44:30,481 DEBUG:	 Going to run apimgr runcont
2025-05-16 00:44:33,926 DEBUG:	 We are back from apimgr runcont normal mode
2025-05-16 00:44:33,926 INFO:	 We are back from the container run. To start a new container again run /home/apiadmin/SSSAPI/./startAPIContainer
